c:\users\simon\desktop\artefact3d\artefact3d\debug\dbasic.cso
c:\users\simon\desktop\artefact3d\artefact3d\debug\fbasic.cso
c:\users\simon\desktop\artefact3d\artefact3d\debug\hbasic.cso
c:\users\simon\desktop\artefact3d\artefact3d\debug\vbasic.cso
c:\users\simon\desktop\artefact3d\artefact3d\artefact3d\debug\vc141.pdb
c:\users\simon\desktop\artefact3d\artefact3d\artefact3d\debug\vc141.idb
c:\users\simon\desktop\artefact3d\artefact3d\artefact3d\debug\component.obj
c:\users\simon\desktop\artefact3d\artefact3d\artefact3d\debug\devicemanager.obj
c:\users\simon\desktop\artefact3d\artefact3d\artefact3d\debug\entity.obj
c:\users\simon\desktop\artefact3d\artefact3d\artefact3d\debug\main.obj
c:\users\simon\desktop\artefact3d\artefact3d\artefact3d\debug\modelloader.obj
c:\users\simon\desktop\artefact3d\artefact3d\artefact3d\debug\renderingmanager.obj
c:\users\simon\desktop\artefact3d\artefact3d\artefact3d\debug\system.obj
c:\users\simon\desktop\artefact3d\artefact3d\artefact3d\debug\textureloader.obj
c:\users\simon\desktop\artefact3d\artefact3d\artefact3d\debug\world.obj
c:\users\simon\desktop\artefact3d\artefact3d\artefact3d\debug\game.obj
c:\users\simon\desktop\artefact3d\artefact3d\debug\artefact3d.exe
c:\users\simon\desktop\artefact3d\artefact3d\debug\artefact3d.ilk
c:\users\simon\desktop\artefact3d\artefact3d\debug\artefact3d.pdb
c:\users\simon\desktop\artefact3d\artefact3d\artefact3d\debug\artefact3d.tlog\artefact3d.write.1u.tlog
c:\users\simon\desktop\artefact3d\artefact3d\artefact3d\debug\artefact3d.tlog\cl.command.1.tlog
c:\users\simon\desktop\artefact3d\artefact3d\artefact3d\debug\artefact3d.tlog\cl.read.1.tlog
c:\users\simon\desktop\artefact3d\artefact3d\artefact3d\debug\artefact3d.tlog\cl.write.1.tlog
c:\users\simon\desktop\artefact3d\artefact3d\artefact3d\debug\artefact3d.tlog\fxc.command.1.tlog
c:\users\simon\desktop\artefact3d\artefact3d\artefact3d\debug\artefact3d.tlog\fxc.read.1.tlog
c:\users\simon\desktop\artefact3d\artefact3d\artefact3d\debug\artefact3d.tlog\fxc.write.1.tlog
c:\users\simon\desktop\artefact3d\artefact3d\artefact3d\debug\artefact3d.tlog\link.command.1.tlog
c:\users\simon\desktop\artefact3d\artefact3d\artefact3d\debug\artefact3d.tlog\link.read.1.tlog
c:\users\simon\desktop\artefact3d\artefact3d\artefact3d\debug\artefact3d.tlog\link.write.1.tlog
